<?xml version="1.0" encoding="UTF-8"?>
<testng-results ignored="0" total="3" passed="3" failed="0" skipped="0">
  <reporter-output>
  </reporter-output>
  <suite started-at="2022-08-05T22:11:18 GST" name="Suite" finished-at="2022-08-05T22:12:15 GST" duration-ms="57274">
    <groups>
    </groups>
    <test started-at="2022-08-05T22:11:18 GST" name="ChromeTest" finished-at="2022-08-05T22:11:40 GST" duration-ms="22304">
      <class name="ecomsite_artifactId.indexPage_testcase">
        <test-method is-config="true" signature="loadConfig()[pri:0, instance:ecomsite_artifactId.indexPage_testcase@79e2c065]" started-at="2022-08-05T22:11:18 GST" name="loadConfig" finished-at="2022-08-05T22:11:18 GST" duration-ms="1" status="PASS">
          <reporter-output>
          </reporter-output>
        </test-method> <!-- loadConfig -->
        <test-method is-config="true" signature="setup()[pri:0, instance:ecomsite_artifactId.indexPage_testcase@79e2c065]" started-at="2022-08-05T22:11:18 GST" name="setup" finished-at="2022-08-05T22:11:40 GST" duration-ms="22185" status="PASS">
          <reporter-output>
          </reporter-output>
        </test-method> <!-- setup -->
        <test-method signature="verifyLogo3()[pri:0, instance:ecomsite_artifactId.indexPage_testcase@79e2c065]" started-at="2022-08-05T22:11:40 GST" name="verifyLogo3" finished-at="2022-08-05T22:11:40 GST" duration-ms="9" status="PASS">
          <reporter-output>
          </reporter-output>
        </test-method> <!-- verifyLogo3 -->
        <test-method is-config="true" signature="tearDown()[pri:0, instance:ecomsite_artifactId.indexPage_testcase@79e2c065]" started-at="2022-08-05T22:11:40 GST" name="tearDown" finished-at="2022-08-05T22:11:40 GST" duration-ms="84" status="PASS">
          <reporter-output>
          </reporter-output>
        </test-method> <!-- tearDown -->
      </class> <!-- ecomsite_artifactId.indexPage_testcase -->
    </test> <!-- ChromeTest -->
    <test started-at="2022-08-05T22:11:40 GST" name="FirefoxTest" finished-at="2022-08-05T22:12:00 GST" duration-ms="19496">
      <class name="ecomsite_artifactId.indexPage_testcase">
        <test-method is-config="true" signature="loadConfig()[pri:0, instance:ecomsite_artifactId.indexPage_testcase@4c371370]" started-at="2022-08-05T22:11:40 GST" name="loadConfig" finished-at="2022-08-05T22:11:40 GST" duration-ms="1" status="PASS">
          <reporter-output>
          </reporter-output>
        </test-method> <!-- loadConfig -->
        <test-method is-config="true" signature="setup()[pri:0, instance:ecomsite_artifactId.indexPage_testcase@4c371370]" started-at="2022-08-05T22:11:40 GST" name="setup" finished-at="2022-08-05T22:12:00 GST" duration-ms="19418" status="PASS">
          <reporter-output>
          </reporter-output>
        </test-method> <!-- setup -->
        <test-method signature="verifyLogo3()[pri:0, instance:ecomsite_artifactId.indexPage_testcase@4c371370]" started-at="2022-08-05T22:12:00 GST" name="verifyLogo3" finished-at="2022-08-05T22:12:00 GST" duration-ms="1" status="PASS">
          <reporter-output>
          </reporter-output>
        </test-method> <!-- verifyLogo3 -->
        <test-method is-config="true" signature="tearDown()[pri:0, instance:ecomsite_artifactId.indexPage_testcase@4c371370]" started-at="2022-08-05T22:12:00 GST" name="tearDown" finished-at="2022-08-05T22:12:00 GST" duration-ms="73" status="PASS">
          <reporter-output>
          </reporter-output>
        </test-method> <!-- tearDown -->
      </class> <!-- ecomsite_artifactId.indexPage_testcase -->
    </test> <!-- FirefoxTest -->
    <test started-at="2022-08-05T22:12:00 GST" name="IETest" finished-at="2022-08-05T22:12:15 GST" duration-ms="15445">
      <class name="ecomsite_artifactId.indexPage_testcase">
        <test-method is-config="true" signature="logconfig()[pri:0, instance:ecomsite_artifactId.indexPage_testcase@2a65fe7c]" started-at="2022-08-05T22:11:18 GST" name="logconfig" finished-at="2022-08-05T22:11:18 GST" duration-ms="79" status="PASS">
          <reporter-output>
          </reporter-output>
        </test-method> <!-- logconfig -->
        <test-method is-config="true" signature="loadConfig()[pri:0, instance:ecomsite_artifactId.indexPage_testcase@2a65fe7c]" started-at="2022-08-05T22:12:00 GST" name="loadConfig" finished-at="2022-08-05T22:12:00 GST" duration-ms="0" status="PASS">
          <reporter-output>
          </reporter-output>
        </test-method> <!-- loadConfig -->
        <test-method is-config="true" signature="setup()[pri:0, instance:ecomsite_artifactId.indexPage_testcase@2a65fe7c]" started-at="2022-08-05T22:12:00 GST" name="setup" finished-at="2022-08-05T22:12:15 GST" duration-ms="15375" status="PASS">
          <reporter-output>
          </reporter-output>
        </test-method> <!-- setup -->
        <test-method signature="verifyLogo3()[pri:0, instance:ecomsite_artifactId.indexPage_testcase@2a65fe7c]" started-at="2022-08-05T22:12:15 GST" name="verifyLogo3" finished-at="2022-08-05T22:12:15 GST" duration-ms="2" status="PASS">
          <reporter-output>
          </reporter-output>
        </test-method> <!-- verifyLogo3 -->
        <test-method is-config="true" signature="tearDown()[pri:0, instance:ecomsite_artifactId.indexPage_testcase@2a65fe7c]" started-at="2022-08-05T22:12:15 GST" name="tearDown" finished-at="2022-08-05T22:12:15 GST" duration-ms="65" status="PASS">
          <reporter-output>
          </reporter-output>
        </test-method> <!-- tearDown -->
      </class> <!-- ecomsite_artifactId.indexPage_testcase -->
    </test> <!-- IETest -->
  </suite> <!-- Suite -->
</testng-results>
