<?xml version="1.0" encoding="UTF-8"?>
<!-- Generated by org.testng.reporters.JUnitXMLReporter -->
<testsuite ignored="0" hostname="ATHIRA-S-LAPTOP" failures="1" tests="1" name="Test" time="0.03" errors="0" timestamp="2022-08-03T21:36:16 GST">
  <testcase classname="ecomsite_artifactId.accountCreation_testCaseDataProvider" name="accountCreation" time="0.007">
    <failure type="org.testng.internal.reflect.MethodMatcherException" message="
[public void ecomsite_artifactId.accountCreation_testCaseDataProvider.accountCreation(java.lang.String) throws java.lang.Throwable] has no parameters defined but was found to be using a data provider (either explicitly specified or inherited from class level annotation).
Data provider mismatch
Method: accountCreation([Parameter{index=0, type=java.lang.String, declaredAnnotations=[]}])
Arguments: [(java.lang.String) Anju,(java.lang.String) First user]">
      <![CDATA[org.testng.internal.reflect.MethodMatcherException: 
[public void ecomsite_artifactId.accountCreation_testCaseDataProvider.accountCreation(java.lang.String) throws java.lang.Throwable] has no parameters defined but was found to be using a data provider (either explicitly specified or inherited from class level annotation).
Data provider mismatch
Method: accountCreation([Parameter{index=0, type=java.lang.String, declaredAnnotations=[]}])
Arguments: [(java.lang.String) Anju,(java.lang.String) First user]
at java.base/java.util.ArrayList.forEach(ArrayList.java:1511)
... Removed 22 stack frames]]>
    </failure>
  </testcase> <!-- accountCreation -->
</testsuite> <!-- Test -->
